0 info it worked if it ends with ok
1 verbose cli [ '/usr/local/bin/node',
1 verbose cli   '/usr/local/bin/npm',
1 verbose cli   'version',
1 verbose cli   '1.0.0' ]
2 info using npm@1.4.14
3 info using node@v0.10.29
4 error Error: Version not changed
4 error     at /usr/local/lib/node_modules/npm/lib/version.js:59:45
4 error     at fs.js:271:14
4 error     at /usr/local/lib/node_modules/npm/node_modules/graceful-fs/graceful-fs.js:105:5
4 error     at Object.oncomplete (fs.js:107:15)
5 error If you need help, you may report this *entire* log,
5 error including the npm and node versions, at:
5 error     <http://github.com/npm/npm/issues>
6 error System Linux 3.14.0-custom
7 error command "/usr/local/bin/node" "/usr/local/bin/npm" "version" "1.0.0"
8 error cwd /home/rvagg/git/node-includes
9 error node -v v0.10.29
10 error npm -v 1.4.14
11 verbose exit [ 1, true ]
